<?xml version="1.0" encoding="UTF-8"?>
<testng-results skipped="0" failed="1" ignored="0" total="4" passed="3">
  <reporter-output>
    <line>
      <![CDATA[Navigating to log in page.]]>
    </line>
    <line>
      <![CDATA[Attempting to log in.]]>
    </line>
    <line>
      <![CDATA[Log in was successful!]]>
    </line>
    <line>
      <![CDATA[Searching for a product 'shirt'...]]>
    </line>
    <line>
      <![CDATA[Navigating to authentication page.]]>
    </line>
    <line>
      <![CDATA[Attempting to log in.]]>
    </line>
    <line>
      <![CDATA[Log in was successful!]]>
    </line>
    <line>
      <![CDATA[Signed out successfully!]]>
    </line>
    <line>
      <![CDATA[Navigating to authentication page.]]>
    </line>
    <line>
      <![CDATA[Filling up registration form.]]>
    </line>
    <line>
      <![CDATA[Registration form submitted!]]>
    </line>
    <line>
      <![CDATA[Successfully registered to the site.]]>
    </line>
    <line>
      <![CDATA[Signed out successfully!]]>
    </line>
    <line>
      <![CDATA[Navigating to log in page.]]>
    </line>
    <line>
      <![CDATA[Attempting to log in.]]>
    </line>
    <line>
      <![CDATA[Log in was successful!]]>
    </line>
    <line>
      <![CDATA[Searching for a product 'shirt'...]]>
    </line>
    <line>
      <![CDATA[Matching products received!]]>
    </line>
    <line>
      <![CDATA[Signed out successfully!]]>
    </line>
  </reporter-output>
  <suite name="Command line suite" duration-ms="187377" started-at="2020-07-17T16:17:37 IST" finished-at="2020-07-17T16:20:44 IST">
    <groups>
    </groups>
    <test name="Command line test" duration-ms="187377" started-at="2020-07-17T16:17:37 IST" finished-at="2020-07-17T16:20:44 IST">
      <class name="com.project.test.LoginTest">
        <test-method status="PASS" signature="openBrowser()[pri:0, instance:com.project.test.LoginTest@31610302]" name="openBrowser" is-config="true" duration-ms="7599" started-at="2020-07-17T16:18:02 IST" finished-at="2020-07-17T16:18:10 IST">
          <reporter-output>
          </reporter-output>
        </test-method> <!-- openBrowser -->
        <test-method status="PASS" signature="login()[pri:0, instance:com.project.test.LoginTest@31610302]" name="login" duration-ms="33957" started-at="2020-07-17T16:18:51 IST" finished-at="2020-07-17T16:19:25 IST">
          <reporter-output>
            <line>
              <![CDATA[Navigating to authentication page.]]>
            </line>
            <line>
              <![CDATA[Attempting to log in.]]>
            </line>
            <line>
              <![CDATA[Log in was successful!]]>
            </line>
            <line>
              <![CDATA[Signed out successfully!]]>
            </line>
          </reporter-output>
        </test-method> <!-- login -->
        <test-method status="PASS" signature="tearDown()[pri:0, instance:com.project.test.LoginTest@31610302]" name="tearDown" is-config="true" duration-ms="220" started-at="2020-07-17T16:20:44 IST" finished-at="2020-07-17T16:20:44 IST">
          <reporter-output>
          </reporter-output>
        </test-method> <!-- tearDown -->
      </class> <!-- com.project.test.LoginTest -->
      <class name="com.project.test.AddToCartTest">
        <test-method status="PASS" signature="openBrowser()[pri:0, instance:com.project.test.AddToCartTest@544fe44c]" name="openBrowser" is-config="true" duration-ms="25240" started-at="2020-07-17T16:17:37 IST" finished-at="2020-07-17T16:18:02 IST">
          <reporter-output>
          </reporter-output>
        </test-method> <!-- openBrowser -->
        <test-method status="FAIL" signature="addToCart()[pri:0, instance:com.project.test.AddToCartTest@544fe44c]" name="addToCart" duration-ms="16807" started-at="2020-07-17T16:18:35 IST" finished-at="2020-07-17T16:18:51 IST">
          <exception class="java.lang.AssertionError">
            <message>
              <![CDATA[[CART:ERROR] Product not found! expected [http://automationpractice.com/index.php?controller=search&orderby=position&orderway=desc&search_query=shirt&submit_search=] but found [http://automationpractice.com/index.php?controller=my-account]]]>
            </message>
            <full-stacktrace>
              <![CDATA[java.lang.AssertionError: [CART:ERROR] Product not found! expected [http://automationpractice.com/index.php?controller=search&orderby=position&orderway=desc&search_query=shirt&submit_search=] but found [http://automationpractice.com/index.php?controller=my-account]
at org.testng.Assert.fail(Assert.java:97)
at org.testng.Assert.assertEqualsImpl(Assert.java:136)
at org.testng.Assert.assertEquals(Assert.java:118)
at org.testng.Assert.assertEquals(Assert.java:575)
at com.project.test.AddToCartTest.addToCart(AddToCartTest.java:63)
at sun.reflect.NativeMethodAccessorImpl.invoke0(Native Method)
at sun.reflect.NativeMethodAccessorImpl.invoke(NativeMethodAccessorImpl.java:62)
at sun.reflect.DelegatingMethodAccessorImpl.invoke(DelegatingMethodAccessorImpl.java:43)
at java.lang.reflect.Method.invoke(Method.java:498)
at org.testng.internal.MethodInvocationHelper.invokeMethod(MethodInvocationHelper.java:134)
at org.testng.internal.TestInvoker.invokeMethod(TestInvoker.java:597)
at org.testng.internal.TestInvoker.invokeTestMethod(TestInvoker.java:173)
at org.testng.internal.MethodRunner.runInSequence(MethodRunner.java:46)
at org.testng.internal.TestInvoker$MethodInvocationAgent.invoke(TestInvoker.java:816)
at org.testng.internal.TestInvoker.invokeTestMethods(TestInvoker.java:146)
at org.testng.internal.TestMethodWorker.invokeTestMethods(TestMethodWorker.java:146)
at org.testng.internal.TestMethodWorker.run(TestMethodWorker.java:128)
at java.util.ArrayList.forEach(ArrayList.java:1257)
at org.testng.TestRunner.privateRun(TestRunner.java:766)
at org.testng.TestRunner.run(TestRunner.java:587)
at org.testng.SuiteRunner.runTest(SuiteRunner.java:384)
at org.testng.SuiteRunner.runSequentially(SuiteRunner.java:378)
at org.testng.SuiteRunner.privateRun(SuiteRunner.java:337)
at org.testng.SuiteRunner.run(SuiteRunner.java:286)
at org.testng.SuiteRunnerWorker.runSuite(SuiteRunnerWorker.java:53)
at org.testng.SuiteRunnerWorker.run(SuiteRunnerWorker.java:96)
at org.testng.TestNG.runSuitesSequentially(TestNG.java:1187)
at org.testng.TestNG.runSuitesLocally(TestNG.java:1109)
at org.testng.TestNG.runSuites(TestNG.java:1039)
at org.testng.TestNG.run(TestNG.java:1007)
at org.apache.maven.surefire.testng.TestNGExecutor.run(TestNGExecutor.java:77)
at org.apache.maven.surefire.testng.TestNGDirectoryTestSuite.executeMulti(TestNGDirectoryTestSuite.java:159)
at org.apache.maven.surefire.testng.TestNGDirectoryTestSuite.execute(TestNGDirectoryTestSuite.java:99)
at org.apache.maven.surefire.testng.TestNGProvider.invoke(TestNGProvider.java:106)
at sun.reflect.NativeMethodAccessorImpl.invoke0(Native Method)
at sun.reflect.NativeMethodAccessorImpl.invoke(NativeMethodAccessorImpl.java:62)
at sun.reflect.DelegatingMethodAccessorImpl.invoke(DelegatingMethodAccessorImpl.java:43)
at java.lang.reflect.Method.invoke(Method.java:498)
at org.apache.maven.surefire.util.ReflectionUtils.invokeMethodWithArray(ReflectionUtils.java:189)
at org.apache.maven.surefire.booter.ProviderFactory$ProviderProxy.invoke(ProviderFactory.java:165)
at org.apache.maven.surefire.booter.ProviderFactory.invokeProvider(ProviderFactory.java:85)
at org.apache.maven.surefire.booter.ForkedBooter.runSuitesInProcess(ForkedBooter.java:115)
at org.apache.maven.surefire.booter.ForkedBooter.main(ForkedBooter.java:75)
]]>
            </full-stacktrace>
          </exception> <!-- java.lang.AssertionError -->
          <reporter-output>
            <line>
              <![CDATA[Navigating to log in page.]]>
            </line>
            <line>
              <![CDATA[Attempting to log in.]]>
            </line>
            <line>
              <![CDATA[Log in was successful!]]>
            </line>
            <line>
              <![CDATA[Searching for a product 'shirt'...]]>
            </line>
          </reporter-output>
        </test-method> <!-- addToCart -->
        <test-method status="PASS" signature="tearDown()[pri:0, instance:com.project.test.AddToCartTest@544fe44c]" name="tearDown" is-config="true" duration-ms="1343" started-at="2020-07-17T16:20:42 IST" finished-at="2020-07-17T16:20:44 IST">
          <reporter-output>
          </reporter-output>
        </test-method> <!-- tearDown -->
      </class> <!-- com.project.test.AddToCartTest -->
      <class name="com.project.test.SearchTest">
        <test-method status="PASS" signature="openBrowser()[pri:0, instance:com.project.test.SearchTest@21213b92]" name="openBrowser" is-config="true" duration-ms="12132" started-at="2020-07-17T16:18:22 IST" finished-at="2020-07-17T16:18:34 IST">
          <reporter-output>
          </reporter-output>
        </test-method> <!-- openBrowser -->
        <test-method status="PASS" signature="searchProduct()[pri:0, instance:com.project.test.SearchTest@21213b92]" name="searchProduct" duration-ms="23866" started-at="2020-07-17T16:20:18 IST" finished-at="2020-07-17T16:20:42 IST">
          <reporter-output>
            <line>
              <![CDATA[Navigating to log in page.]]>
            </line>
            <line>
              <![CDATA[Attempting to log in.]]>
            </line>
            <line>
              <![CDATA[Log in was successful!]]>
            </line>
            <line>
              <![CDATA[Searching for a product 'shirt'...]]>
            </line>
            <line>
              <![CDATA[Matching products received!]]>
            </line>
            <line>
              <![CDATA[Signed out successfully!]]>
            </line>
          </reporter-output>
        </test-method> <!-- searchProduct -->
        <test-method status="PASS" signature="tearDown()[pri:0, instance:com.project.test.SearchTest@21213b92]" name="tearDown" is-config="true" duration-ms="142" started-at="2020-07-17T16:20:44 IST" finished-at="2020-07-17T16:20:44 IST">
          <reporter-output>
          </reporter-output>
        </test-method> <!-- tearDown -->
      </class> <!-- com.project.test.SearchTest -->
      <class name="com.project.test.RegisterTest">
        <test-method status="PASS" signature="openBrowser()[pri:0, instance:com.project.test.RegisterTest@71318ec4]" name="openBrowser" is-config="true" duration-ms="12767" started-at="2020-07-17T16:18:10 IST" finished-at="2020-07-17T16:18:22 IST">
          <reporter-output>
          </reporter-output>
        </test-method> <!-- openBrowser -->
        <test-method status="PASS" signature="register()[pri:0, instance:com.project.test.RegisterTest@71318ec4]" name="register" duration-ms="53081" started-at="2020-07-17T16:19:25 IST" finished-at="2020-07-17T16:20:18 IST">
          <reporter-output>
            <line>
              <![CDATA[Navigating to authentication page.]]>
            </line>
            <line>
              <![CDATA[Filling up registration form.]]>
            </line>
            <line>
              <![CDATA[Registration form submitted!]]>
            </line>
            <line>
              <![CDATA[Successfully registered to the site.]]>
            </line>
            <line>
              <![CDATA[Signed out successfully!]]>
            </line>
          </reporter-output>
        </test-method> <!-- register -->
        <test-method status="PASS" signature="tearDown()[pri:0, instance:com.project.test.RegisterTest@71318ec4]" name="tearDown" is-config="true" duration-ms="150" started-at="2020-07-17T16:20:44 IST" finished-at="2020-07-17T16:20:44 IST">
          <reporter-output>
          </reporter-output>
        </test-method> <!-- tearDown -->
      </class> <!-- com.project.test.RegisterTest -->
    </test> <!-- Command line test -->
  </suite> <!-- Command line suite -->
</testng-results>
