<?xml version="1.0" encoding="UTF-8"?>
<!-- Generated by org.testng.reporters.JUnitXMLReporter -->
<testsuite hostname="JARVIS" ignored="0" name="Command line test" tests="4" failures="1" timestamp="2020-07-17T16:20:44 IST" time="187.377" errors="0">
  <testcase name="addToCart" time="16.807" classname="com.project.test.AddToCartTest">
    <failure type="java.lang.AssertionError" message="[CART:ERROR] Product not found! expected [http://automationpractice.com/index.php?controller=search&amp;amp;orderby=position&amp;amp;orderway=desc&amp;amp;search_query=shirt&amp;amp;submit_search=] but found [http://automationpractice.com/index.php?controller=my-account]">
      <![CDATA[java.lang.AssertionError: [CART:ERROR] Product not found! expected [http://automationpractice.com/index.php?controller=search&orderby=position&orderway=desc&search_query=shirt&submit_search=] but found [http://automationpractice.com/index.php?controller=my-account]
at com.project.test.AddToCartTest.addToCart(AddToCartTest.java:63)
at java.util.ArrayList.forEach(ArrayList.java:1257)
... Removed 41 stack frames]]>
    </failure>
  </testcase> <!-- addToCart -->
  <testcase name="login" time="33.957" classname="com.project.test.LoginTest"/>
  <testcase name="register" time="53.081" classname="com.project.test.RegisterTest"/>
  <testcase name="searchProduct" time="23.866" classname="com.project.test.SearchTest"/>
</testsuite> <!-- Command line test -->
